<?xml version="1.0" encoding="UTF-8"?>
<testng-results skipped="0" failed="1" ignored="0" total="2" passed="1">
  <reporter-output>
  </reporter-output>
  <suite name="Default suite" duration-ms="49872" started-at="2017-11-06T19:34:23Z" finished-at="2017-11-06T19:35:13Z">
    <groups>
    </groups>
    <test name="Default test" duration-ms="49872" started-at="2017-11-06T19:34:23Z" finished-at="2017-11-06T19:35:13Z">
      <class name="test.reservarvuelo.cp004ValidarCamposConfirmationFlight">
        <test-method status="PASS" signature="initializeTestBaseSetup()[pri:0, instance:test.reservarvuelo.cp004ValidarCamposConfirmationFlight@7cd62f43]" name="initializeTestBaseSetup" is-config="true" duration-ms="25988" started-at="2017-11-06T14:34:23Z" finished-at="2017-11-06T14:34:49Z">
          <reporter-output>
          </reporter-output>
        </test-method> <!-- initializeTestBaseSetup -->
        <test-method status="PASS" signature="login()[pri:0, instance:test.reservarvuelo.cp004ValidarCamposConfirmationFlight@7cd62f43]" name="login" duration-ms="9659" started-at="2017-11-06T14:34:49Z" finished-at="2017-11-06T14:34:58Z">
          <reporter-output>
          </reporter-output>
        </test-method> <!-- login -->
        <test-method status="FAIL" signature="ValidarCamposConfirmationFlight()[pri:1, instance:test.reservarvuelo.cp004ValidarCamposConfirmationFlight@7cd62f43]" name="ValidarCamposConfirmationFlight" duration-ms="12706" started-at="2017-11-06T14:34:58Z" depends-on-methods="test.reservarvuelo.cp004ValidarCamposConfirmationFlight.login" finished-at="2017-11-06T14:35:11Z">
          <exception class="java.lang.AssertionError">
            <message>
              <![CDATA[No se encontr贸 el bot贸n back to flights]]>
            </message>
            <full-stacktrace>
              <![CDATA[java.lang.AssertionError: No se encontr贸 el bot贸n back to flights
	at org.testng.Assert.fail(Assert.java:93)
	at test.reservarvuelo.cp004ValidarCamposConfirmationFlight.ValidarCamposConfirmationFlight(cp004ValidarCamposConfirmationFlight.java:53)
	at sun.reflect.NativeMethodAccessorImpl.invoke0(Native Method)
	at sun.reflect.NativeMethodAccessorImpl.invoke(NativeMethodAccessorImpl.java:62)
	at sun.reflect.DelegatingMethodAccessorImpl.invoke(DelegatingMethodAccessorImpl.java:43)
	at java.lang.reflect.Method.invoke(Method.java:498)
	at org.testng.internal.MethodInvocationHelper.invokeMethod(MethodInvocationHelper.java:108)
	at org.testng.internal.Invoker.invokeMethod(Invoker.java:669)
	at org.testng.internal.Invoker.invokeTestMethod(Invoker.java:877)
	at org.testng.internal.Invoker.invokeTestMethods(Invoker.java:1201)
	at org.testng.internal.TestMethodWorker.invokeTestMethods(TestMethodWorker.java:125)
	at org.testng.internal.TestMethodWorker.run(TestMethodWorker.java:109)
	at org.testng.TestRunner.privateRun(TestRunner.java:776)
	at org.testng.TestRunner.run(TestRunner.java:634)
	at org.testng.SuiteRunner.runTest(SuiteRunner.java:425)
	at org.testng.SuiteRunner.runSequentially(SuiteRunner.java:420)
	at org.testng.SuiteRunner.privateRun(SuiteRunner.java:385)
	at org.testng.SuiteRunner.run(SuiteRunner.java:334)
	at org.testng.SuiteRunnerWorker.runSuite(SuiteRunnerWorker.java:52)
	at org.testng.SuiteRunnerWorker.run(SuiteRunnerWorker.java:86)
	at org.testng.TestNG.runSuitesSequentially(TestNG.java:1318)
	at org.testng.TestNG.runSuitesLocally(TestNG.java:1243)
	at org.testng.TestNG.runSuites(TestNG.java:1161)
	at org.testng.TestNG.run(TestNG.java:1129)
	at org.testng.remote.AbstractRemoteTestNG.run(AbstractRemoteTestNG.java:114)
	at org.testng.remote.RemoteTestNG.initAndRun(RemoteTestNG.java:251)
	at org.testng.remote.RemoteTestNG.main(RemoteTestNG.java:77)
]]>
            </full-stacktrace>
          </exception> <!-- java.lang.AssertionError -->
          <reporter-output>
          </reporter-output>
        </test-method> <!-- ValidarCamposConfirmationFlight -->
        <test-method status="PASS" signature="tearDown()[pri:0, instance:test.reservarvuelo.cp004ValidarCamposConfirmationFlight@7cd62f43]" name="tearDown" is-config="true" duration-ms="1392" started-at="2017-11-06T14:35:11Z" finished-at="2017-11-06T14:35:13Z">
          <reporter-output>
          </reporter-output>
        </test-method> <!-- tearDown -->
      </class> <!-- test.reservarvuelo.cp004ValidarCamposConfirmationFlight -->
    </test> <!-- Default test -->
  </suite> <!-- Default suite -->
</testng-results>
